<?xml version="1.0" encoding="UTF-8"?>
<robot generator="Robot 7.2.2 (Python 3.13.2 on win32)" generated="2025-03-24T11:27:42.833822" rpa="false" schemaversion="5">
<suite id="s1" name="Amazon Tests" source="D:\vscode-workspace\curso-robotframework\TESTS\amazon_tests.robot">
<test id="s1-t1" name="Caso de Teste 01 - Acesso ao menu &quot;Eletrônicos&quot;" line="8">
<kw name="Abrir o Navegador" owner="amazon_resources" type="SETUP">
<if>
<branch type="IF" condition="'${BROWSER}' == 'chrome'">
<kw name="Open Browser" owner="SeleniumLibrary">
<arg>browser=${BROWSER}</arg>
<arg>options=add_experimental_option("detach", True)</arg>
<doc>Opens a new browser instance to the optional ``url``.</doc>
<status status="NOT RUN" start="2025-03-24T11:27:43.070654" elapsed="0.000030"/>
</kw>
<status status="NOT RUN" start="2025-03-24T11:27:43.070197" elapsed="0.000546"/>
</branch>
<branch type="ELSE">
<kw name="Open Browser" owner="SeleniumLibrary">
<msg time="2025-03-24T11:27:43.071026" level="INFO">Opening browser 'firefox' to base url 'None'.</msg>
<arg>browser=${BROWSER}</arg>
<doc>Opens a new browser instance to the optional ``url``.</doc>
<status status="PASS" start="2025-03-24T11:27:43.070861" elapsed="5.395769"/>
</kw>
<status status="PASS" start="2025-03-24T11:27:43.070778" elapsed="5.396006"/>
</branch>
<status status="PASS" start="2025-03-24T11:27:43.070176" elapsed="5.396671"/>
</if>
<kw name="Maximize Browser Window" owner="SeleniumLibrary">
<doc>Maximizes current browser window.</doc>
<status status="PASS" start="2025-03-24T11:27:48.467036" elapsed="0.002363"/>
</kw>
<status status="PASS" start="2025-03-24T11:27:43.069984" elapsed="5.399518"/>
</kw>
<kw name="Acessar a home page do site Amazon.com.br" owner="amazon_resources">
<kw name="Go To" owner="SeleniumLibrary">
<msg time="2025-03-24T11:27:48.470372" level="INFO">Opening url 'https://www.amazon.com.br/'</msg>
<arg>url=${URL}</arg>
<doc>Navigates the current browser window to the provided ``url``.</doc>
<status status="PASS" start="2025-03-24T11:27:48.470217" elapsed="2.282931"/>
</kw>
<kw name="Wait Until Element Is Visible" owner="SeleniumLibrary">
<arg>locator=${MENU_ELETRONICOS}</arg>
<doc>Waits until the element ``locator`` is visible.</doc>
<status status="PASS" start="2025-03-24T11:27:50.753649" elapsed="0.068465"/>
</kw>
<status status="PASS" start="2025-03-24T11:27:48.469920" elapsed="2.352344"/>
</kw>
<kw name="Entrar no menu &quot;Eletrônicos&quot;" owner="amazon_resources">
<kw name="Click Element" owner="SeleniumLibrary">
<msg time="2025-03-24T11:27:50.823397" level="INFO">Clicking element '(//a[contains(text(),'Eletrônicos')])[1]'.</msg>
<arg>locator=${MENU_ELETRONICOS}</arg>
<doc>Click the element identified by ``locator``.</doc>
<status status="PASS" start="2025-03-24T11:27:50.823143" elapsed="2.923150"/>
</kw>
<status status="PASS" start="2025-03-24T11:27:50.822714" elapsed="2.923722"/>
</kw>
<kw name="Verificar se aparece a frase &quot;Eletrônicos e Tecnologia&quot;" owner="amazon_resources" source_name="Verificar se aparece a frase &quot;${FRASE}&quot;">
<kw name="Wait Until Page Contains" owner="SeleniumLibrary">
<arg>text=${FRASE}</arg>
<doc>Waits until ``text`` appears on the current page.</doc>
<status status="PASS" start="2025-03-24T11:27:53.747265" elapsed="0.043225"/>
</kw>
<kw name="Wait Until Element Is Visible" owner="SeleniumLibrary">
<arg>locator=${HEADER_ELETRONICOS}</arg>
<doc>Waits until the element ``locator`` is visible.</doc>
<status status="PASS" start="2025-03-24T11:27:53.790723" elapsed="0.019401"/>
</kw>
<status status="PASS" start="2025-03-24T11:27:53.746888" elapsed="0.063429"/>
</kw>
<kw name="Verificar se o título da página fica &quot;Eletrônicos e Tecnologia | Amazon.com.br&quot;" owner="amazon_resources" source_name="Verificar se o título da página fica &quot;${TITULO}&quot;">
<kw name="Title Should Be" owner="SeleniumLibrary">
<msg time="2025-03-24T11:27:53.814247" level="INFO">Page title is 'Eletrônicos e Tecnologia | Amazon.com.br'.</msg>
<arg>title=${TITULO}</arg>
<doc>Verifies that the current page title equals ``title``.</doc>
<status status="PASS" start="2025-03-24T11:27:53.811347" elapsed="0.002991"/>
</kw>
<status status="PASS" start="2025-03-24T11:27:53.810907" elapsed="0.003532"/>
</kw>
<kw name="Verificar se aparece a categoria &quot;Computadores e Informática&quot;" owner="amazon_resources" source_name="Verificar se aparece a categoria &quot;${NOME_CATEGORIA}&quot;">
<kw name="Element Should Be Visible" owner="SeleniumLibrary">
<msg time="2025-03-24T11:27:53.839863" level="INFO">Element '//span[@class='nav-a-content'][normalize-space()='Computadores e Informática']' is displayed.</msg>
<arg>locator=//span[@class='nav-a-content'][normalize-space()='${NOME_CATEGORIA}']</arg>
<doc>Verifies that the element identified by ``locator`` is visible.</doc>
<status status="PASS" start="2025-03-24T11:27:53.814998" elapsed="0.025010"/>
</kw>
<status status="PASS" start="2025-03-24T11:27:53.814727" elapsed="0.025445"/>
</kw>
<kw name="Fechar o Navegador" owner="amazon_resources" type="TEARDOWN">
<kw name="Capture Page Screenshot" owner="SeleniumLibrary">
<msg time="2025-03-24T11:27:53.933885" level="INFO" html="true">&lt;/td&gt;&lt;/tr&gt;&lt;tr&gt;&lt;td colspan="3"&gt;&lt;a href="selenium-screenshot-97.png"&gt;&lt;img src="selenium-screenshot-97.png" width="800px"&gt;&lt;/a&gt;</msg>
<doc>Takes a screenshot of the current page and embeds it into a log file.</doc>
<status status="PASS" start="2025-03-24T11:27:53.841053" elapsed="0.092949"/>
</kw>
<kw name="Close Browser" owner="SeleniumLibrary">
<doc>Closes the current browser.</doc>
<status status="PASS" start="2025-03-24T11:27:53.934195" elapsed="4.165507"/>
</kw>
<status status="PASS" start="2025-03-24T11:27:53.840772" elapsed="4.259077"/>
</kw>
<doc>Esse teste verifica o menu "Eletrônicos" e a categoria "Computadores e Informática" do site da amazon.com.br</doc>
<tag>menus categorias</tag>
<status status="PASS" start="2025-03-24T11:27:43.069070" elapsed="15.031052"/>
</test>
<test id="s1-t2" name="Caso de Teste 02 - Pesquisa de um Produto" line="18">
<kw name="Abrir o Navegador" owner="amazon_resources" type="SETUP">
<if>
<branch type="IF" condition="'${BROWSER}' == 'chrome'">
<kw name="Open Browser" owner="SeleniumLibrary">
<arg>browser=${BROWSER}</arg>
<arg>options=add_experimental_option("detach", True)</arg>
<doc>Opens a new browser instance to the optional ``url``.</doc>
<status status="NOT RUN" start="2025-03-24T11:27:58.103033" elapsed="0.000056"/>
</kw>
<status status="NOT RUN" start="2025-03-24T11:27:58.102599" elapsed="0.000596"/>
</branch>
<branch type="ELSE">
<kw name="Open Browser" owner="SeleniumLibrary">
<msg time="2025-03-24T11:27:58.103830" level="INFO">Opening browser 'firefox' to base url 'None'.</msg>
<arg>browser=${BROWSER}</arg>
<doc>Opens a new browser instance to the optional ``url``.</doc>
<status status="PASS" start="2025-03-24T11:27:58.103463" elapsed="5.628281"/>
</kw>
<status status="PASS" start="2025-03-24T11:27:58.103271" elapsed="5.628568"/>
</branch>
<status status="PASS" start="2025-03-24T11:27:58.102551" elapsed="5.629333"/>
</if>
<kw name="Maximize Browser Window" owner="SeleniumLibrary">
<doc>Maximizes current browser window.</doc>
<status status="PASS" start="2025-03-24T11:28:03.732075" elapsed="0.002360"/>
</kw>
<status status="PASS" start="2025-03-24T11:27:58.102194" elapsed="5.632410"/>
</kw>
<kw name="Acessar a home page do site Amazon.com.br" owner="amazon_resources">
<kw name="Go To" owner="SeleniumLibrary">
<msg time="2025-03-24T11:28:03.735722" level="INFO">Opening url 'https://www.amazon.com.br/'</msg>
<arg>url=${URL}</arg>
<doc>Navigates the current browser window to the provided ``url``.</doc>
<status status="PASS" start="2025-03-24T11:28:03.735517" elapsed="2.415774"/>
</kw>
<kw name="Wait Until Element Is Visible" owner="SeleniumLibrary">
<arg>locator=${MENU_ELETRONICOS}</arg>
<doc>Waits until the element ``locator`` is visible.</doc>
<status status="PASS" start="2025-03-24T11:28:06.151503" elapsed="0.067038"/>
</kw>
<status status="PASS" start="2025-03-24T11:28:03.735132" elapsed="2.483794"/>
</kw>
<kw name="Digitar o nome do produto &quot;Xbox Series S&quot; no campo de pesquisa" owner="amazon_resources" source_name="Digitar o nome do produto &quot;${PRODUTO}&quot; no campo de pesquisa">
<kw name="Wait Until Element Is Visible" owner="SeleniumLibrary">
<arg>locator=${CAMPO_PESQUISA}</arg>
<doc>Waits until the element ``locator`` is visible.</doc>
<status status="PASS" start="2025-03-24T11:28:06.219921" elapsed="0.040655"/>
</kw>
<kw name="Input Text" owner="SeleniumLibrary">
<msg time="2025-03-24T11:28:06.261336" level="INFO">Typing text 'Xbox Series S' into text field '//input[@id='twotabsearchtextbox']'.</msg>
<arg>locator=${CAMPO_PESQUISA}</arg>
<arg>text=${PRODUTO}</arg>
<doc>Types the given ``text`` into the text field identified by ``locator``.</doc>
<status status="PASS" start="2025-03-24T11:28:06.260880" elapsed="0.217225"/>
</kw>
<status status="PASS" start="2025-03-24T11:28:06.219463" elapsed="0.258857"/>
</kw>
<kw name="Clicar no botão de pesquisa" owner="amazon_resources">
<kw name="Click Button" owner="SeleniumLibrary">
<msg time="2025-03-24T11:28:06.479874" level="INFO">Clicking button '//input[@id='nav-search-submit-button']'.</msg>
<arg>locator=${BOTAO_PESQUISAR}</arg>
<doc>Clicks the button identified by ``locator``.</doc>
<status status="PASS" start="2025-03-24T11:28:06.479445" elapsed="1.590968"/>
</kw>
<status status="PASS" start="2025-03-24T11:28:06.478909" elapsed="1.591702"/>
</kw>
<kw name="Verificar o resultado da pesquisa se está listando o produto &quot;Xbox Series S&quot;" owner="amazon_resources" source_name="Verificar o resultado da pesquisa se está listando o produto &quot;${PRODUTO}&quot;">
<kw name="Page Should Contain Element" owner="SeleniumLibrary">
<msg time="2025-03-24T11:28:08.159518" level="INFO">Current page contains element '//h2[@aria-label='Xbox Series S']'.</msg>
<arg>locator=//h2[@aria-label='${PRODUTO}']</arg>
<doc>Verifies that element ``locator`` is found on the current page.</doc>
<status status="PASS" start="2025-03-24T11:28:08.071614" elapsed="0.088069"/>
</kw>
<status status="PASS" start="2025-03-24T11:28:08.071105" elapsed="0.088724"/>
</kw>
<kw name="Fechar o Navegador" owner="amazon_resources" type="TEARDOWN">
<kw name="Capture Page Screenshot" owner="SeleniumLibrary">
<msg time="2025-03-24T11:28:08.307262" level="INFO" html="true">&lt;/td&gt;&lt;/tr&gt;&lt;tr&gt;&lt;td colspan="3"&gt;&lt;a href="selenium-screenshot-98.png"&gt;&lt;img src="selenium-screenshot-98.png" width="800px"&gt;&lt;/a&gt;</msg>
<doc>Takes a screenshot of the current page and embeds it into a log file.</doc>
<status status="PASS" start="2025-03-24T11:28:08.160887" elapsed="0.146578"/>
</kw>
<kw name="Close Browser" owner="SeleniumLibrary">
<doc>Closes the current browser.</doc>
<status status="PASS" start="2025-03-24T11:28:08.307751" elapsed="3.070958"/>
</kw>
<status status="PASS" start="2025-03-24T11:28:08.160408" elapsed="3.218461"/>
</kw>
<doc>Esse teste verifica a busca de um Produto</doc>
<tag>busca_produtos</tag>
<tag>lista_busca</tag>
<status status="PASS" start="2025-03-24T11:27:58.101202" elapsed="13.277908"/>
</test>
<test id="s1-t3" name="Caso de Teste 03 - Adicionar Produto no Carrinho" line="26">
<kw name="Abrir o Navegador" owner="amazon_resources" type="SETUP">
<if>
<branch type="IF" condition="'${BROWSER}' == 'chrome'">
<kw name="Open Browser" owner="SeleniumLibrary">
<arg>browser=${BROWSER}</arg>
<arg>options=add_experimental_option("detach", True)</arg>
<doc>Opens a new browser instance to the optional ``url``.</doc>
<status status="NOT RUN" start="2025-03-24T11:28:11.381029" elapsed="0.000042"/>
</kw>
<status status="NOT RUN" start="2025-03-24T11:28:11.380698" elapsed="0.000441"/>
</branch>
<branch type="ELSE">
<kw name="Open Browser" owner="SeleniumLibrary">
<msg time="2025-03-24T11:28:11.381582" level="INFO">Opening browser 'firefox' to base url 'None'.</msg>
<arg>browser=${BROWSER}</arg>
<doc>Opens a new browser instance to the optional ``url``.</doc>
<status status="PASS" start="2025-03-24T11:28:11.381333" elapsed="5.751927"/>
</kw>
<status status="PASS" start="2025-03-24T11:28:11.381194" elapsed="5.752219"/>
</branch>
<status status="PASS" start="2025-03-24T11:28:11.380659" elapsed="5.752834"/>
</if>
<kw name="Maximize Browser Window" owner="SeleniumLibrary">
<doc>Maximizes current browser window.</doc>
<status status="PASS" start="2025-03-24T11:28:17.133729" elapsed="0.003139"/>
</kw>
<status status="PASS" start="2025-03-24T11:28:11.380396" elapsed="5.756650"/>
</kw>
<kw name="Acessar a home page do site Amazon.com.br" owner="amazon_resources">
<kw name="Go To" owner="SeleniumLibrary">
<msg time="2025-03-24T11:28:17.138465" level="INFO">Opening url 'https://www.amazon.com.br/'</msg>
<arg>url=${URL}</arg>
<doc>Navigates the current browser window to the provided ``url``.</doc>
<status status="PASS" start="2025-03-24T11:28:17.138186" elapsed="3.709486"/>
</kw>
<kw name="Wait Until Element Is Visible" owner="SeleniumLibrary">
<arg>locator=${MENU_ELETRONICOS}</arg>
<doc>Waits until the element ``locator`` is visible.</doc>
<status status="PASS" start="2025-03-24T11:28:20.847976" elapsed="0.135399"/>
</kw>
<status status="PASS" start="2025-03-24T11:28:17.137703" elapsed="3.845873"/>
</kw>
<kw name="Digitar o nome do produto &quot;Xbox Series S&quot; no campo de pesquisa" owner="amazon_resources" source_name="Digitar o nome do produto &quot;${PRODUTO}&quot; no campo de pesquisa">
<kw name="Wait Until Element Is Visible" owner="SeleniumLibrary">
<arg>locator=${CAMPO_PESQUISA}</arg>
<doc>Waits until the element ``locator`` is visible.</doc>
<status status="PASS" start="2025-03-24T11:28:20.984494" elapsed="0.057723"/>
</kw>
<kw name="Input Text" owner="SeleniumLibrary">
<msg time="2025-03-24T11:28:21.042717" level="INFO">Typing text 'Xbox Series S' into text field '//input[@id='twotabsearchtextbox']'.</msg>
<arg>locator=${CAMPO_PESQUISA}</arg>
<arg>text=${PRODUTO}</arg>
<doc>Types the given ``text`` into the text field identified by ``locator``.</doc>
<status status="PASS" start="2025-03-24T11:28:21.042409" elapsed="0.230940"/>
</kw>
<status status="PASS" start="2025-03-24T11:28:20.984019" elapsed="0.289458"/>
</kw>
<kw name="Clicar no botão de pesquisa" owner="amazon_resources">
<kw name="Click Button" owner="SeleniumLibrary">
<msg time="2025-03-24T11:28:21.274427" level="INFO">Clicking button '//input[@id='nav-search-submit-button']'.</msg>
<arg>locator=${BOTAO_PESQUISAR}</arg>
<doc>Clicks the button identified by ``locator``.</doc>
<status status="PASS" start="2025-03-24T11:28:21.274179" elapsed="2.350083"/>
</kw>
<status status="PASS" start="2025-03-24T11:28:21.273846" elapsed="2.350579"/>
</kw>
<kw name="Verificar o resultado da pesquisa se está listando o produto &quot;Xbox Series S&quot;" owner="amazon_resources" source_name="Verificar o resultado da pesquisa se está listando o produto &quot;${PRODUTO}&quot;">
<kw name="Page Should Contain Element" owner="SeleniumLibrary">
<msg time="2025-03-24T11:28:23.718201" level="INFO">Current page contains element '//h2[@aria-label='Xbox Series S']'.</msg>
<arg>locator=//h2[@aria-label='${PRODUTO}']</arg>
<doc>Verifies that element ``locator`` is found on the current page.</doc>
<status status="PASS" start="2025-03-24T11:28:23.625225" elapsed="0.093076"/>
</kw>
<status status="PASS" start="2025-03-24T11:28:23.624854" elapsed="0.093535"/>
</kw>
<kw name="Adicionar o produto &quot;Xbox Series S&quot; no carrinho" owner="amazon_resources" source_name="Adicionar o produto &quot;${PRODUTO}&quot; no carrinho">
<kw name="Click Element" owner="SeleniumLibrary">
<msg time="2025-03-24T11:28:23.719473" level="INFO">Clicking element '//h2[@aria-label='Xbox Series S']'.</msg>
<arg>locator=//h2[@aria-label='${PRODUTO}']</arg>
<doc>Click the element identified by ``locator``.</doc>
<status status="PASS" start="2025-03-24T11:28:23.719192" elapsed="2.891045"/>
</kw>
<kw name="Wait Until Element Is Visible" owner="SeleniumLibrary">
<arg>locator=${BOTAO_ADICIONAR_CARRINHO}</arg>
<doc>Waits until the element ``locator`` is visible.</doc>
<status status="PASS" start="2025-03-24T11:28:26.610422" elapsed="0.111888"/>
</kw>
<kw name="Click Button" owner="SeleniumLibrary">
<msg time="2025-03-24T11:28:26.722970" level="INFO">Clicking button '//input[@id='add-to-cart-button']'.</msg>
<arg>locator=${BOTAO_ADICIONAR_CARRINHO}</arg>
<doc>Clicks the button identified by ``locator``.</doc>
<status status="PASS" start="2025-03-24T11:28:26.722601" elapsed="1.311853"/>
</kw>
<status status="PASS" start="2025-03-24T11:28:23.718807" elapsed="4.315819"/>
</kw>
<kw name="Recusar garantia se oferecida" owner="amazon_resources">
<kw name="Run Keyword And Return Status" owner="BuiltIn">
<kw name="Element Should Be Visible" owner="SeleniumLibrary">
<msg time="2025-03-24T11:28:28.217733" level="INFO" html="true">&lt;/td&gt;&lt;/tr&gt;&lt;tr&gt;&lt;td colspan="3"&gt;&lt;a href="selenium-screenshot-99.png"&gt;&lt;img src="selenium-screenshot-99.png" width="800px"&gt;&lt;/a&gt;</msg>
<msg time="2025-03-24T11:28:28.218086" level="FAIL">Element with locator '//div[@id='attach-warranty-pane']' not found.</msg>
<arg>locator=${PAINEL_GARANTIA}</arg>
<doc>Verifies that the element identified by ``locator`` is visible.</doc>
<status status="FAIL" start="2025-03-24T11:28:28.035896" elapsed="0.188033">Element with locator '//div[@id='attach-warranty-pane']' not found.</status>
</kw>
<msg time="2025-03-24T11:28:28.224306" level="INFO">${PAINEL} = False</msg>
<var>${PAINEL}</var>
<arg>Element Should Be Visible</arg>
<arg>locator=${PAINEL_GARANTIA}</arg>
<doc>Runs the given keyword with given arguments and returns the status as a Boolean value.</doc>
<status status="PASS" start="2025-03-24T11:28:28.035574" elapsed="0.188823"/>
</kw>
<kw name="Run Keyword If" owner="BuiltIn">
<arg>${PAINEL}</arg>
<arg>Rolar Para Elemento E Clicar</arg>
<arg>locator=${BOTAO_NEGAR_GARANTIA}</arg>
<doc>Runs the given keyword with the given arguments, if ``condition`` is true.</doc>
<status status="PASS" start="2025-03-24T11:28:28.224803" elapsed="0.000373"/>
</kw>
<status status="PASS" start="2025-03-24T11:28:28.035102" elapsed="0.190303"/>
</kw>
<kw name="Verificar se o produto foi adicionado com sucesso no carrinho" owner="amazon_resources">
<kw name="Element Should Be Visible" owner="SeleniumLibrary">
<msg time="2025-03-24T11:28:28.244152" level="INFO">Element '//h1[normalize-space()='Adicionado ao carrinho']' is displayed.</msg>
<arg>locator=//h1[normalize-space()='Adicionado ao carrinho']</arg>
<doc>Verifies that the element identified by ``locator`` is visible.</doc>
<status status="PASS" start="2025-03-24T11:28:28.226352" elapsed="0.017893"/>
</kw>
<status status="PASS" start="2025-03-24T11:28:28.225988" elapsed="0.018352"/>
</kw>
<kw name="Fechar o Navegador" owner="amazon_resources" type="TEARDOWN">
<kw name="Capture Page Screenshot" owner="SeleniumLibrary">
<msg time="2025-03-24T11:28:28.322001" level="INFO" html="true">&lt;/td&gt;&lt;/tr&gt;&lt;tr&gt;&lt;td colspan="3"&gt;&lt;a href="selenium-screenshot-100.png"&gt;&lt;img src="selenium-screenshot-100.png" width="800px"&gt;&lt;/a&gt;</msg>
<doc>Takes a screenshot of the current page and embeds it into a log file.</doc>
<status status="PASS" start="2025-03-24T11:28:28.245148" elapsed="0.076960"/>
</kw>
<kw name="Close Browser" owner="SeleniumLibrary">
<doc>Closes the current browser.</doc>
<status status="PASS" start="2025-03-24T11:28:28.322277" elapsed="3.501475"/>
</kw>
<status status="PASS" start="2025-03-24T11:28:28.244822" elapsed="3.579092"/>
</kw>
<doc>Esse teste verifica a adição de um produto no carrinho de compras</doc>
<tag>adicionar_carrinho</tag>
<status status="PASS" start="2025-03-24T11:28:11.379934" elapsed="20.444509"/>
</test>
<test id="s1-t4" name="Caso de Teste 04 - Remover Produto do Carrinho" line="37">
<kw name="Abrir o Navegador" owner="amazon_resources" type="SETUP">
<if>
<branch type="IF" condition="'${BROWSER}' == 'chrome'">
<kw name="Open Browser" owner="SeleniumLibrary">
<arg>browser=${BROWSER}</arg>
<arg>options=add_experimental_option("detach", True)</arg>
<doc>Opens a new browser instance to the optional ``url``.</doc>
<status status="NOT RUN" start="2025-03-24T11:28:31.826867" elapsed="0.000042"/>
</kw>
<status status="NOT RUN" start="2025-03-24T11:28:31.826526" elapsed="0.000455"/>
</branch>
<branch type="ELSE">
<kw name="Open Browser" owner="SeleniumLibrary">
<msg time="2025-03-24T11:28:31.827428" level="INFO">Opening browser 'firefox' to base url 'None'.</msg>
<arg>browser=${BROWSER}</arg>
<doc>Opens a new browser instance to the optional ``url``.</doc>
<status status="PASS" start="2025-03-24T11:28:31.827176" elapsed="5.381859"/>
</kw>
<status status="PASS" start="2025-03-24T11:28:31.827037" elapsed="5.382136"/>
</branch>
<status status="PASS" start="2025-03-24T11:28:31.826493" elapsed="5.382752"/>
</if>
<kw name="Maximize Browser Window" owner="SeleniumLibrary">
<doc>Maximizes current browser window.</doc>
<status status="PASS" start="2025-03-24T11:28:37.209445" elapsed="0.002373"/>
</kw>
<status status="PASS" start="2025-03-24T11:28:31.826217" elapsed="5.385756"/>
</kw>
<kw name="Acessar a home page do site Amazon.com.br" owner="amazon_resources">
<kw name="Go To" owner="SeleniumLibrary">
<msg time="2025-03-24T11:28:37.213380" level="INFO">Opening url 'https://www.amazon.com.br/'</msg>
<arg>url=${URL}</arg>
<doc>Navigates the current browser window to the provided ``url``.</doc>
<status status="PASS" start="2025-03-24T11:28:37.213099" elapsed="2.451630"/>
</kw>
<kw name="Wait Until Element Is Visible" owner="SeleniumLibrary">
<arg>locator=${MENU_ELETRONICOS}</arg>
<doc>Waits until the element ``locator`` is visible.</doc>
<status status="PASS" start="2025-03-24T11:28:39.665064" elapsed="0.058039"/>
</kw>
<status status="PASS" start="2025-03-24T11:28:37.212632" elapsed="2.510597"/>
</kw>
<kw name="Digitar o nome do produto &quot;Xbox Series S&quot; no campo de pesquisa" owner="amazon_resources" source_name="Digitar o nome do produto &quot;${PRODUTO}&quot; no campo de pesquisa">
<kw name="Wait Until Element Is Visible" owner="SeleniumLibrary">
<arg>locator=${CAMPO_PESQUISA}</arg>
<doc>Waits until the element ``locator`` is visible.</doc>
<status status="PASS" start="2025-03-24T11:28:39.723948" elapsed="0.109100"/>
</kw>
<kw name="Input Text" owner="SeleniumLibrary">
<msg time="2025-03-24T11:28:39.833618" level="INFO">Typing text 'Xbox Series S' into text field '//input[@id='twotabsearchtextbox']'.</msg>
<arg>locator=${CAMPO_PESQUISA}</arg>
<arg>text=${PRODUTO}</arg>
<doc>Types the given ``text`` into the text field identified by ``locator``.</doc>
<status status="PASS" start="2025-03-24T11:28:39.833244" elapsed="0.173306"/>
</kw>
<status status="PASS" start="2025-03-24T11:28:39.723594" elapsed="0.283153"/>
</kw>
<kw name="Clicar no botão de pesquisa" owner="amazon_resources">
<kw name="Click Button" owner="SeleniumLibrary">
<msg time="2025-03-24T11:28:40.008779" level="INFO">Clicking button '//input[@id='nav-search-submit-button']'.</msg>
<arg>locator=${BOTAO_PESQUISAR}</arg>
<doc>Clicks the button identified by ``locator``.</doc>
<status status="PASS" start="2025-03-24T11:28:40.008413" elapsed="1.813377"/>
</kw>
<status status="PASS" start="2025-03-24T11:28:40.007906" elapsed="1.814065"/>
</kw>
<kw name="Verificar o resultado da pesquisa se está listando o produto &quot;Console Xbox Series S&quot;" owner="amazon_resources" source_name="Verificar o resultado da pesquisa se está listando o produto &quot;${PRODUTO}&quot;">
<kw name="Page Should Contain Element" owner="SeleniumLibrary">
<msg time="2025-03-24T11:28:41.877940" level="INFO">Current page contains element '//h2[@aria-label='Console Xbox Series S']'.</msg>
<arg>locator=//h2[@aria-label='${PRODUTO}']</arg>
<doc>Verifies that element ``locator`` is found on the current page.</doc>
<status status="PASS" start="2025-03-24T11:28:41.822786" elapsed="0.055302"/>
</kw>
<status status="PASS" start="2025-03-24T11:28:41.822410" elapsed="0.055836"/>
</kw>
<kw name="Adicionar o produto &quot;Xbox Series S&quot; no carrinho" owner="amazon_resources" source_name="Adicionar o produto &quot;${PRODUTO}&quot; no carrinho">
<kw name="Click Element" owner="SeleniumLibrary">
<msg time="2025-03-24T11:28:41.879594" level="INFO">Clicking element '//h2[@aria-label='Xbox Series S']'.</msg>
<arg>locator=//h2[@aria-label='${PRODUTO}']</arg>
<doc>Click the element identified by ``locator``.</doc>
<status status="PASS" start="2025-03-24T11:28:41.879246" elapsed="3.544782"/>
</kw>
<kw name="Wait Until Element Is Visible" owner="SeleniumLibrary">
<arg>locator=${BOTAO_ADICIONAR_CARRINHO}</arg>
<doc>Waits until the element ``locator`` is visible.</doc>
<status status="PASS" start="2025-03-24T11:28:45.424295" elapsed="0.016839"/>
</kw>
<kw name="Click Button" owner="SeleniumLibrary">
<msg time="2025-03-24T11:28:45.441750" level="INFO">Clicking button '//input[@id='add-to-cart-button']'.</msg>
<arg>locator=${BOTAO_ADICIONAR_CARRINHO}</arg>
<doc>Clicks the button identified by ``locator``.</doc>
<status status="PASS" start="2025-03-24T11:28:45.441393" elapsed="1.372239"/>
</kw>
<status status="PASS" start="2025-03-24T11:28:41.878804" elapsed="4.934947"/>
</kw>
<kw name="Recusar garantia se oferecida" owner="amazon_resources">
<kw name="Run Keyword And Return Status" owner="BuiltIn">
<kw name="Element Should Be Visible" owner="SeleniumLibrary">
<msg time="2025-03-24T11:28:46.943170" level="INFO" html="true">&lt;/td&gt;&lt;/tr&gt;&lt;tr&gt;&lt;td colspan="3"&gt;&lt;a href="selenium-screenshot-101.png"&gt;&lt;img src="selenium-screenshot-101.png" width="800px"&gt;&lt;/a&gt;</msg>
<msg time="2025-03-24T11:28:46.943423" level="FAIL">Element with locator '//div[@id='attach-warranty-pane']' not found.</msg>
<arg>locator=${PAINEL_GARANTIA}</arg>
<doc>Verifies that the element identified by ``locator`` is visible.</doc>
<status status="FAIL" start="2025-03-24T11:28:46.814822" elapsed="0.130410">Element with locator '//div[@id='attach-warranty-pane']' not found.</status>
</kw>
<msg time="2025-03-24T11:28:46.945494" level="INFO">${PAINEL} = False</msg>
<var>${PAINEL}</var>
<arg>Element Should Be Visible</arg>
<arg>locator=${PAINEL_GARANTIA}</arg>
<doc>Runs the given keyword with given arguments and returns the status as a Boolean value.</doc>
<status status="PASS" start="2025-03-24T11:28:46.814655" elapsed="0.130885"/>
</kw>
<kw name="Run Keyword If" owner="BuiltIn">
<arg>${PAINEL}</arg>
<arg>Rolar Para Elemento E Clicar</arg>
<arg>locator=${BOTAO_NEGAR_GARANTIA}</arg>
<doc>Runs the given keyword with the given arguments, if ``condition`` is true.</doc>
<status status="PASS" start="2025-03-24T11:28:46.945795" elapsed="0.000230"/>
</kw>
<status status="PASS" start="2025-03-24T11:28:46.814310" elapsed="0.131845"/>
</kw>
<kw name="Verificar se o produto foi adicionado com sucesso no carrinho" owner="amazon_resources">
<kw name="Element Should Be Visible" owner="SeleniumLibrary">
<msg time="2025-03-24T11:28:46.964836" level="INFO">Element '//h1[normalize-space()='Adicionado ao carrinho']' is displayed.</msg>
<arg>locator=//h1[normalize-space()='Adicionado ao carrinho']</arg>
<doc>Verifies that the element identified by ``locator`` is visible.</doc>
<status status="PASS" start="2025-03-24T11:28:46.946842" elapsed="0.018146"/>
</kw>
<status status="PASS" start="2025-03-24T11:28:46.946505" elapsed="0.018638"/>
</kw>
<kw name="Ir para o carrinho" owner="amazon_resources">
<kw name="Click Element" owner="SeleniumLibrary">
<msg time="2025-03-24T11:28:46.966360" level="INFO">Clicking element '//span[@id='sw-gtc']'.</msg>
<arg>locator=${BOTAO_IR_CARRINHO}</arg>
<doc>Click the element identified by ``locator``.</doc>
<status status="PASS" start="2025-03-24T11:28:46.966030" elapsed="1.000725"/>
</kw>
<status status="PASS" start="2025-03-24T11:28:46.965624" elapsed="1.001240"/>
</kw>
<kw name="Remover o produto &quot;Xbox Series S&quot; do carrinho" owner="amazon_resources" source_name="Remover o produto &quot;${PRODUTO}&quot; do carrinho">
<kw name="Wait Until Element Is Visible" owner="SeleniumLibrary">
<arg>locator=//button[@aria-label='Excluir ${PRODUTO}']</arg>
<doc>Waits until the element ``locator`` is visible.</doc>
<status status="PASS" start="2025-03-24T11:28:47.967847" elapsed="0.070713"/>
</kw>
<kw name="Click Button" owner="SeleniumLibrary">
<msg time="2025-03-24T11:28:48.039148" level="INFO">Clicking button '//button[@aria-label='Excluir Xbox Series S']'.</msg>
<arg>locator=//button[@aria-label='Excluir ${PRODUTO}']</arg>
<doc>Clicks the button identified by ``locator``.</doc>
<status status="PASS" start="2025-03-24T11:28:48.038813" elapsed="0.269014"/>
</kw>
<status status="PASS" start="2025-03-24T11:28:47.967465" elapsed="0.340536"/>
</kw>
<kw name="Verificar se o carrinho fica vazio" owner="amazon_resources">
<kw name="Wait Until Page Contains" owner="SeleniumLibrary">
<arg>text=Subtotal (0 produtos):</arg>
<doc>Waits until ``text`` appears on the current page.</doc>
<status status="PASS" start="2025-03-24T11:28:48.308757" elapsed="0.212072"/>
</kw>
<status status="PASS" start="2025-03-24T11:28:48.308485" elapsed="0.212446"/>
</kw>
<kw name="Fechar o Navegador" owner="amazon_resources" type="TEARDOWN">
<kw name="Capture Page Screenshot" owner="SeleniumLibrary">
<msg time="2025-03-24T11:28:48.563953" level="INFO" html="true">&lt;/td&gt;&lt;/tr&gt;&lt;tr&gt;&lt;td colspan="3"&gt;&lt;a href="selenium-screenshot-102.png"&gt;&lt;img src="selenium-screenshot-102.png" width="800px"&gt;&lt;/a&gt;</msg>
<doc>Takes a screenshot of the current page and embeds it into a log file.</doc>
<status status="PASS" start="2025-03-24T11:28:48.521662" elapsed="0.042484"/>
</kw>
<kw name="Close Browser" owner="SeleniumLibrary">
<doc>Closes the current browser.</doc>
<status status="PASS" start="2025-03-24T11:28:48.564427" elapsed="3.427255"/>
</kw>
<status status="PASS" start="2025-03-24T11:28:48.521413" elapsed="3.470411"/>
</kw>
<doc>Esse teste verifica a remoção de um produto no carrinho de compras</doc>
<tag>remover_carrinho</tag>
<status status="PASS" start="2025-03-24T11:28:31.825430" elapsed="20.166611"/>
</test>
<doc>Essa suíte testa o site da Amazon.com.br</doc>
<status status="PASS" start="2025-03-24T11:27:42.834822" elapsed="69.158328"/>
</suite>
<statistics>
<total>
<stat pass="4" fail="0" skip="0">All Tests</stat>
</total>
<tag>
<stat pass="1" fail="0" skip="0">adicionar_carrinho</stat>
<stat pass="1" fail="0" skip="0">busca_produtos</stat>
<stat pass="1" fail="0" skip="0">lista_busca</stat>
<stat pass="1" fail="0" skip="0">menus categorias</stat>
<stat pass="1" fail="0" skip="0">remover_carrinho</stat>
</tag>
<suite>
<stat name="Amazon Tests" id="s1" pass="4" fail="0" skip="0">Amazon Tests</stat>
</suite>
</statistics>
<errors>
</errors>
</robot>
